<?xml version="1.0" encoding="UTF-8"?>
<!-- Generated by org.testng.reporters.JUnitReportReporter -->
<testsuite hostname="Lorax-ND4170M8Q" failures="0" tests="2" name="com.inventoryapi.apis.ApiTests" time="11.264" errors="0" timestamp="2025-05-11T09:39:44 BST" skipped="0">
  <testcase classname="com.inventoryapi.apis.ApiTests" name="testCreateProducts" time="0.016"/>
  <testcase classname="com.inventoryapi.apis.ApiTests" name="testGetProducts" time="11.248"/>
</testsuite> <!-- com.inventoryapi.apis.ApiTests -->
