<?xml version="1.0" encoding="UTF-8"?>
<!-- Generated by org.testng.reporters.JUnitReportReporter -->
<testsuite hostname="Lorax-ND4170M8Q" failures="0" tests="2" name="com.inventoryapi.apis.LoginTest" time="1.825" errors="0" timestamp="2025-05-11T09:39:44 BST" skipped="0">
  <testcase classname="com.inventoryapi.apis.LoginTest" name="invalidLoginTest" time="0.699"/>
  <testcase classname="com.inventoryapi.apis.LoginTest" name="validLoginTest" time="1.126"/>
</testsuite> <!-- com.inventoryapi.apis.LoginTest -->
